<?xml version="1.0" encoding="UTF-8"?>
<testng-results ignored="0" total="2" passed="1" failed="1" skipped="0">
  <reporter-output>
  </reporter-output>
  <suite started-at="2022-09-10T20:38:25 IST" name="Suite" finished-at="2022-09-10T20:39:24 IST" duration-ms="59226">
    <groups>
    </groups>
    <test started-at="2022-09-10T20:38:25 IST" name="Testing1" finished-at="2022-09-10T20:38:51 IST" duration-ms="26335">
      <class name="TestVagrantTechnologies.TestVagrant1.WebTestPageofWiki">
        <test-method is-config="true" signature="startup()[pri:0, instance:TestVagrantTechnologies.TestVagrant1.WebTestPageofWiki@5e3d57c7]" started-at="2022-09-10T20:38:25 IST" name="startup" finished-at="2022-09-10T20:38:51 IST" duration-ms="26298" status="PASS">
          <reporter-output>
          </reporter-output>
        </test-method> <!-- startup -->
      </class> <!-- TestVagrantTechnologies.TestVagrant1.WebTestPageofWiki -->
    </test> <!-- Testing1 -->
    <test started-at="2022-09-10T20:38:51 IST" name="Testing2" finished-at="2022-09-10T20:39:24 IST" duration-ms="32843">
      <class name="TestVagrantTechnologies.TestVagrant1.WebTestPageofIBDM">
        <test-method is-config="true" signature="startup()[pri:0, instance:TestVagrantTechnologies.TestVagrant1.WebTestPageofIBDM@4ebff610]" started-at="2022-09-10T20:38:51 IST" name="startup" finished-at="2022-09-10T20:39:23 IST" duration-ms="32260" status="PASS">
          <reporter-output>
          </reporter-output>
        </test-method> <!-- startup -->
        <test-method signature="compareOfCountryName()[pri:1, instance:TestVagrantTechnologies.TestVagrant1.WebTestPageofIBDM@4ebff610]" started-at="2022-09-10T20:39:24 IST" name="compareOfCountryName" finished-at="2022-09-10T20:39:24 IST" duration-ms="34" status="PASS">
          <reporter-output>
          </reporter-output>
        </test-method> <!-- compareOfCountryName -->
        <test-method signature="compareOfReleaseDate()[pri:2, instance:TestVagrantTechnologies.TestVagrant1.WebTestPageofIBDM@4ebff610]" started-at="2022-09-10T20:39:24 IST" name="compareOfReleaseDate" finished-at="2022-09-10T20:39:24 IST" duration-ms="97" status="FAIL">
          <exception class="java.lang.AssertionError">
            <message>
              <![CDATA[expected [17 December 2021] but found [January 7, 2022 (United States)]]]>
            </message>
            <full-stacktrace>
              <![CDATA[java.lang.AssertionError: expected [17 December 2021] but found [January 7, 2022 (United States)]
at org.testng.Assert.fail(Assert.java:110)
at org.testng.Assert.failNotEquals(Assert.java:1413)
at org.testng.Assert.assertEqualsImpl(Assert.java:149)
at org.testng.Assert.assertEquals(Assert.java:131)
at org.testng.Assert.assertEquals(Assert.java:655)
at org.testng.Assert.assertEquals(Assert.java:665)
at TestVagrantTechnologies.TestVagrant1.WebTestPageofIBDM.compareOfReleaseDate(WebTestPageofIBDM.java:56)
at java.base/jdk.internal.reflect.NativeMethodAccessorImpl.invoke0(Native Method)
at java.base/jdk.internal.reflect.NativeMethodAccessorImpl.invoke(NativeMethodAccessorImpl.java:77)
at java.base/jdk.internal.reflect.DelegatingMethodAccessorImpl.invoke(DelegatingMethodAccessorImpl.java:43)
at java.base/java.lang.reflect.Method.invoke(Method.java:568)
at org.testng.internal.invokers.MethodInvocationHelper.invokeMethod(MethodInvocationHelper.java:139)
at org.testng.internal.invokers.TestInvoker.invokeMethod(TestInvoker.java:677)
at org.testng.internal.invokers.TestInvoker.invokeTestMethod(TestInvoker.java:221)
at org.testng.internal.invokers.MethodRunner.runInSequence(MethodRunner.java:50)
at org.testng.internal.invokers.TestInvoker$MethodInvocationAgent.invoke(TestInvoker.java:962)
at org.testng.internal.invokers.TestInvoker.invokeTestMethods(TestInvoker.java:194)
at org.testng.internal.invokers.TestMethodWorker.invokeTestMethods(TestMethodWorker.java:148)
at org.testng.internal.invokers.TestMethodWorker.run(TestMethodWorker.java:128)
at java.base/java.util.ArrayList.forEach(ArrayList.java:1511)
at org.testng.TestRunner.privateRun(TestRunner.java:806)
at org.testng.TestRunner.run(TestRunner.java:601)
at org.testng.SuiteRunner.runTest(SuiteRunner.java:433)
at org.testng.SuiteRunner.runSequentially(SuiteRunner.java:427)
at org.testng.SuiteRunner.privateRun(SuiteRunner.java:387)
at org.testng.SuiteRunner.run(SuiteRunner.java:330)
at org.testng.SuiteRunnerWorker.runSuite(SuiteRunnerWorker.java:52)
at org.testng.SuiteRunnerWorker.run(SuiteRunnerWorker.java:95)
at org.testng.TestNG.runSuitesSequentially(TestNG.java:1256)
at org.testng.TestNG.runSuitesLocally(TestNG.java:1176)
at org.testng.TestNG.runSuites(TestNG.java:1099)
at org.testng.TestNG.run(TestNG.java:1067)
at org.apache.maven.surefire.testng.TestNGExecutor.run(TestNGExecutor.java:283)
at org.apache.maven.surefire.testng.TestNGXmlTestSuite.execute(TestNGXmlTestSuite.java:75)
at org.apache.maven.surefire.testng.TestNGProvider.invoke(TestNGProvider.java:120)
at org.apache.maven.surefire.booter.ForkedBooter.invokeProviderInSameClassLoader(ForkedBooter.java:384)
at org.apache.maven.surefire.booter.ForkedBooter.runSuitesInProcess(ForkedBooter.java:345)
at org.apache.maven.surefire.booter.ForkedBooter.execute(ForkedBooter.java:126)
at org.apache.maven.surefire.booter.ForkedBooter.main(ForkedBooter.java:418)
]]>
            </full-stacktrace>
          </exception> <!-- java.lang.AssertionError -->
          <reporter-output>
          </reporter-output>
        </test-method> <!-- compareOfReleaseDate -->
      </class> <!-- TestVagrantTechnologies.TestVagrant1.WebTestPageofIBDM -->
    </test> <!-- Testing2 -->
  </suite> <!-- Suite -->
</testng-results>
